[debug] [2021-02-28T20:14:22.740Z] ----------------------------------------------------------------------
[debug] [2021-02-28T20:14:22.745Z] Command:       /usr/local/bin/firebase /Users/owner/.cache/firebase/tools/lib/node_modules/firebase-tools/lib/bin/firebase init
[debug] [2021-02-28T20:14:22.745Z] CLI Version:   9.5.0
[debug] [2021-02-28T20:14:22.746Z] Platform:      darwin
[debug] [2021-02-28T20:14:22.746Z] Node Version:  v12.18.1
[debug] [2021-02-28T20:14:22.772Z] Time:          Sun Feb 28 2021 12:14:22 GMT-0800 (Pacific Standard Time)
[debug] [2021-02-28T20:14:22.772Z] ----------------------------------------------------------------------
[debug] [2021-02-28T20:14:22.772Z] 
[debug] [2021-02-28T20:14:22.809Z] > command requires scopes: ["email","openid","https://www.googleapis.com/auth/cloudplatformprojects.readonly","https://www.googleapis.com/auth/firebase","https://www.googleapis.com/auth/cloud-platform"]
[debug] [2021-02-28T20:14:22.810Z] > authorizing via signed-in user
[info] 
     ######## #### ########  ######## ########     ###     ######  ########
     ##        ##  ##     ## ##       ##     ##  ##   ##  ##       ##
     ######    ##  ########  ######   ########  #########  ######  ######
     ##        ##  ##    ##  ##       ##     ## ##     ##       ## ##
     ##       #### ##     ## ######## ########  ##     ##  ######  ########

You're about to initialize a Firebase project in this directory:

  /Users/owner/exes

[info] 
=== Project Setup
[info] 
[info] First, let's associate this project directory with a Firebase project.
[info] You can create multiple project aliases by running firebase use --add, 
[info] but for now we'll just set up a default project.
[info] 
[info] 
=== Hosting Setup
[info] 
[info] Your public directory is the folder (relative to your project directory) that
[info] will contain Hosting assets to be uploaded with firebase deploy. If you
[info] have a build process for your assets, use your build's output directory.
[info] 
[debug] [2021-02-28T20:42:20.450Z] ----------------------------------------------------------------------
[debug] [2021-02-28T20:42:20.453Z] Command:       /usr/local/bin/firebase /Users/owner/.cache/firebase/tools/lib/node_modules/firebase-tools/lib/bin/firebase init
[debug] [2021-02-28T20:42:20.453Z] CLI Version:   9.5.0
[debug] [2021-02-28T20:42:20.454Z] Platform:      darwin
[debug] [2021-02-28T20:42:20.454Z] Node Version:  v12.18.1
[debug] [2021-02-28T20:42:20.455Z] Time:          Sun Feb 28 2021 12:42:20 GMT-0800 (Pacific Standard Time)
[debug] [2021-02-28T20:42:20.456Z] ----------------------------------------------------------------------
[debug] [2021-02-28T20:42:20.456Z] 
[debug] [2021-02-28T20:42:20.465Z] > command requires scopes: ["email","openid","https://www.googleapis.com/auth/cloudplatformprojects.readonly","https://www.googleapis.com/auth/firebase","https://www.googleapis.com/auth/cloud-platform"]
[debug] [2021-02-28T20:42:20.465Z] > authorizing via signed-in user
[info] 
     ######## #### ########  ######## ########     ###     ######  ########
     ##        ##  ##     ## ##       ##     ##  ##   ##  ##       ##
     ######    ##  ########  ######   ########  #########  ######  ######
     ##        ##  ##    ##  ##       ##     ## ##     ##       ## ##
     ##       #### ##     ## ######## ########  ##     ##  ######  ########

You're about to initialize a Firebase project in this directory:

  /Users/owner/exes

[info] 
=== Project Setup
[info] 
[info] First, let's associate this project directory with a Firebase project.
[info] You can create multiple project aliases by running firebase use --add, 
[info] but for now we'll just set up a default project.
[info] 
[debug] [2021-02-28T20:42:42.718Z] >>> [apiv2][query] GET https://firebase.googleapis.com/v1beta1/projects pageSize=100
[debug] [2021-02-28T20:42:43.228Z] <<< [apiv2][status] GET https://firebase.googleapis.com/v1beta1/projects 200
[debug] [2021-02-28T20:42:43.228Z] <<< [apiv2][body] GET https://firebase.googleapis.com/v1beta1/projects [omitted]
[info] i  Using project exex-80f08 (exes) 
[info] 
=== Hosting Setup
[info] 
[info] Your public directory is the folder (relative to your project directory) that
[info] will contain Hosting assets to be uploaded with firebase deploy. If you
[info] have a build process for your assets, use your build's output directory.
[info] 
[debug] [2021-02-28T20:44:35.828Z] >>> [apiv2][query] GET https://www.gstatic.com/firebasejs/releases.json [none]
[debug] [2021-02-28T20:44:35.932Z] <<< [apiv2][status] GET https://www.gstatic.com/firebasejs/releases.json 200
[debug] [2021-02-28T20:44:35.932Z] <<< [apiv2][body] GET https://www.gstatic.com/firebasejs/releases.json {"current":{"version":"8.2.9","browserURL":"https://www.gstatic.com/firebasejs/8.2.9/firebase.js","packageURL":"https://www.gstatic.com/firebasejs/8.2.9/firebase.tgz"},"live":{"version":"8.2","browserURL":"https://www.gstatic.com/firebasejs/live/8.2/firebase.js","packageURL":"https://www.gstatic.com/firebasejs/live/8.2/firebase.tgz"},"components":{"analytics":"https://www.gstatic.com/firebasejs/8.2.9/firebase-analytics.js","app":"https://www.gstatic.com/firebasejs/8.2.9/firebase-app.js","auth":"https://www.gstatic.com/firebasejs/8.2.9/firebase-auth.js","database":"https://www.gstatic.com/firebasejs/8.2.9/firebase-database.js","firestore":"https://www.gstatic.com/firebasejs/8.2.9/firebase-firestore.js","functions":"https://www.gstatic.com/firebasejs/8.2.9/firebase-functions.js","installations":"https://www.gstatic.com/firebasejs/8.2.9/firebase-installations.js","messaging":"https://www.gstatic.com/firebasejs/8.2.9/firebase-messaging.js","storage":"https://www.gstatic.com/firebasejs/8.2.9/firebase-storage.js","performance":"https://www.gstatic.com/firebasejs/8.2.9/firebase-performance.js","remote-config":"https://www.gstatic.com/firebasejs/8.2.9/firebase-remote-config.js","firestore.memory":"https://www.gstatic.com/firebasejs/8.2.9/firebase-firestore.memory.js"}}
[info] ✔  Wrote build/index.html 
[info] 
[info] i  Detected a .git folder at /Users/owner 
[info] i  Authorizing with GitHub to upload your service account to a GitHub repository's secrets store. 
[info] 
[info] Visit this URL on this device to log in:
[info] https://github.com/login/oauth/authorize?client_id=89cf50f02ac6aaed3484&state=687064763&redirect_uri=http%3A%2F%2Flocalhost%3A9005&scope=read%3Auser%20repo%20public_repo
[info] 
[info] Waiting for authentication...
[debug] [2021-02-28T20:44:50.308Z] >>> HTTP REQUEST POST https://github.com/login/oauth/access_token  
 {"client_id":"89cf50f02ac6aaed3484","client_secret":"3330d14abc895d9a74d5f17cd7a00711fa2c5bf0","code":"3fe0662673eec0d72fe3","redirect_uri":"http://localhost:9005","state":"687064763"}
[debug] [2021-02-28T20:44:50.606Z] <<< HTTP RESPONSE 200 {"server":"GitHub.com","date":"Sun, 28 Feb 2021 20:44:50 GMT","content-type":"application/json; charset=utf-8","vary":"X-PJAX, Accept-Encoding, Accept, X-Requested-With","etag":"W/\"5f32f7993911fbb1d4e523746eac0f37\"","cache-control":"max-age=0, private, must-revalidate","strict-transport-security":"max-age=31536000; includeSubdomains; preload","x-frame-options":"deny","x-content-type-options":"nosniff","x-xss-protection":"1; mode=block","referrer-policy":"origin-when-cross-origin, strict-origin-when-cross-origin","expect-ct":"max-age=2592000, report-uri=\"https://api.github.com/_private/browser/errors\"","content-security-policy":"default-src 'none'; base-uri 'self'; block-all-mixed-content; connect-src 'self' uploads.github.com www.githubstatus.com collector.githubapp.com api.github.com github-cloud.s3.amazonaws.com github-production-repository-file-5c1aeb.s3.amazonaws.com github-production-upload-manifest-file-7fdce7.s3.amazonaws.com github-production-user-asset-6210df.s3.amazonaws.com cdn.optimizely.com logx.optimizely.com/v1/events wss://alive.github.com; font-src github.githubassets.com; form-action 'self' github.com gist.github.com; frame-ancestors 'none'; frame-src render.githubusercontent.com; img-src 'self' data: github.githubassets.com identicons.github.com collector.githubapp.com github-cloud.s3.amazonaws.com user-images.githubusercontent.com/ *.githubusercontent.com; manifest-src 'self'; media-src 'none'; script-src github.githubassets.com; style-src 'unsafe-inline' github.githubassets.com; worker-src github.com/socket-worker-5029ae85.js gist.github.com/socket-worker-5029ae85.js","x-github-request-id":"C643:7B7F:FB47F1:111B935:603C00C2","transfer-encoding":"chunked"}
[debug] [2021-02-28T20:44:50.613Z] >>> [apiv2][query] GET https://api.github.com/user [none]
[debug] [2021-02-28T20:44:51.035Z] <<< [apiv2][status] GET https://api.github.com/user 200
[debug] [2021-02-28T20:44:51.036Z] <<< [apiv2][body] GET https://api.github.com/user {"login":"ryan-ally","id":67178983,"node_id":"MDQ6VXNlcjY3MTc4OTgz","avatar_url":"https://avatars.githubusercontent.com/u/67178983?v=4","gravatar_id":"","url":"https://api.github.com/users/ryan-ally","html_url":"https://github.com/ryan-ally","followers_url":"https://api.github.com/users/ryan-ally/followers","following_url":"https://api.github.com/users/ryan-ally/following{/other_user}","gists_url":"https://api.github.com/users/ryan-ally/gists{/gist_id}","starred_url":"https://api.github.com/users/ryan-ally/starred{/owner}{/repo}","subscriptions_url":"https://api.github.com/users/ryan-ally/subscriptions","organizations_url":"https://api.github.com/users/ryan-ally/orgs","repos_url":"https://api.github.com/users/ryan-ally/repos","events_url":"https://api.github.com/users/ryan-ally/events{/privacy}","received_events_url":"https://api.github.com/users/ryan-ally/received_events","type":"User","site_admin":false,"name":"Ryan Hanrahan","company":null,"blog":"https://ryanhammerdick.myportfolio.com/creations","location":"California City, CA 93505","email":"ryanhammerdick@gmail.com","hireable":true,"bio":"just finished skillcrushes git course, it was good learned a lot  from it.","twitter_username":"ryanhanrahan13","public_repos":150,"public_gists":2,"followers":0,"following":1,"created_at":"2020-06-20T03:51:50Z","updated_at":"2021-02-28T20:44:49Z","private_gists":0,"total_private_repos":0,"owned_private_repos":0,"disk_usage":24684,"collaborators":0,"two_factor_authentication":false,"plan":{"name":"free","space":976562499,"collaborators":0,"private_repos":10000}}
[info] 
[info] ✔  Success! Logged into GitHub as ryan-ally 
[info] 
